<?xml version="1.0" encoding="UTF-8"?>
<!-- Generated by org.testng.reporters.JUnitReportReporter -->
<testsuite skipped="0" hostname="WIN-GEDESCREUP8" name="jenkins_Git_demo.Selenimum_Jenkins_integration" tests="1" failures="0" timestamp="20 Feb 2018 02:27:54 GMT" time="8.849" errors="0">
  <testcase name="test" time="8.849" classname="jenkins_Git_demo.Selenimum_Jenkins_integration"/>
</testsuite> <!-- jenkins_Git_demo.Selenimum_Jenkins_integration -->
